[2025-04-21 15:42:05] local.ERROR: SQLSTATE[23000]: Integrity constraint violation: 1048 Column 'empleado_id' cannot be null (SQL: update `actividades` set `empleado_id` = ?, `descripcion` = dsfdfvsdf, `actividades`.`updated_at` = 2025-04-21 15:42:04 where `id` = 4125) {"userId":4,"exception":"[object] (Illuminate\\Database\\QueryException(code: 23000): SQLSTATE[23000]: Integrity constraint violation: 1048 Column 'empleado_id' cannot be null (SQL: update `actividades` set `empleado_id` = ?, `descripcion` = dsfdfvsdf, `actividades`.`updated_at` = 2025-04-21 15:42:04 where `id` = 4125) at C:\\Users\\WebCoop_Jhoa\\Documents\\repositorio\\karol\\Trabajo\\vendor\\laravel\\framework\\src\\Illuminate\\Database\\Connection.php:712)
[stacktrace]
#0 C:\\Users\\WebCoop_Jhoa\\Documents\\repositorio\\karol\\Trabajo\\vendor\\laravel\\framework\\src\\Illuminate\\Database\\Connection.php(672): Illuminate\\Database\\Connection->runQueryCallback('update `activid...', Array, Object(Closure))
#1 C:\\Users\\WebCoop_Jhoa\\Documents\\repositorio\\karol\\Trabajo\\vendor\\laravel\\framework\\src\\Illuminate\\Database\\Connection.php(514): Illuminate\\Database\\Connection->run('update `activid...', Array, Object(Closure))
#2 C:\\Users\\WebCoop_Jhoa\\Documents\\repositorio\\karol\\Trabajo\\vendor\\laravel\\framework\\src\\Illuminate\\Database\\Connection.php(466): Illuminate\\Database\\Connection->affectingStatement('update `activid...', Array)
#3 C:\\Users\\WebCoop_Jhoa\\Documents\\repositorio\\karol\\Trabajo\\vendor\\laravel\\framework\\src\\Illuminate\\Database\\Query\\Builder.php(3062): Illuminate\\Database\\Connection->update('update `activid...', Array)
#4 C:\\Users\\WebCoop_Jhoa\\Documents\\repositorio\\karol\\Trabajo\\vendor\\laravel\\framework\\src\\Illuminate\\Database\\Eloquent\\Builder.php(921): Illuminate\\Database\\Query\\Builder->update(Array)
#5 C:\\Users\\WebCoop_Jhoa\\Documents\\repositorio\\karol\\Trabajo\\vendor\\laravel\\framework\\src\\Illuminate\\Database\\Eloquent\\Model.php(1072): Illuminate\\Database\\Eloquent\\Builder->update(Array)
#6 C:\\Users\\WebCoop_Jhoa\\Documents\\repositorio\\karol\\Trabajo\\vendor\\laravel\\framework\\src\\Illuminate\\Database\\Eloquent\\Model.php(987): Illuminate\\Database\\Eloquent\\Model->performUpdate(Object(Illuminate\\Database\\Eloquent\\Builder))
#7 C:\\Users\\WebCoop_Jhoa\\Documents\\repositorio\\karol\\Trabajo\\vendor\\laravel\\framework\\src\\Illuminate\\Database\\Eloquent\\Model.php(885): Illuminate\\Database\\Eloquent\\Model->save(Array)
#8 C:\\Users\\WebCoop_Jhoa\\Documents\\repositorio\\karol\\Trabajo\\app\\Http\\Controllers\\ActividadesController.php(265): Illuminate\\Database\\Eloquent\\Model->update(Array)
#9 C:\\Users\\WebCoop_Jhoa\\Documents\\repositorio\\karol\\Trabajo\\vendor\\laravel\\framework\\src\\Illuminate\\Routing\\Controller.php(54): App\\Http\\Controllers\\ActividadesController->update(Object(Illuminate\\Http\\Request), '4125')
#10 C:\\Users\\WebCoop_Jhoa\\Documents\\repositorio\\karol\\Trabajo\\vendor\\laravel\\framework\\src\\Illuminate\\Routing\\ControllerDispatcher.php(45): Illuminate\\Routing\\Controller->callAction('update', Array)
#11 C:\\Users\\WebCoop_Jhoa\\Documents\\repositorio\\karol\\Trabajo\\vendor\\laravel\\framework\\src\\Illuminate\\Routing\\Route.php(261): Illuminate\\Routing\\ControllerDispatcher->dispatch(Object(Illuminate\\Routing\\Route), Object(App\\Http\\Controllers\\ActividadesController), 'update')
#12 C:\\Users\\WebCoop_Jhoa\\Documents\\repositorio\\karol\\Trabajo\\vendor\\laravel\\framework\\src\\Illuminate\\Routing\\Route.php(205): Illuminate\\Routing\\Route->runController()
#13 C:\\Users\\WebCoop_Jhoa\\Documents\\repositorio\\karol\\Trabajo\\vendor\\laravel\\framework\\src\\Illuminate\\Routing\\Router.php(721): Illuminate\\Routing\\Route->run()
#14 C:\\Users\\WebCoop_Jhoa\\Documents\\repositorio\\karol\\Trabajo\\vendor\\laravel\\framework\\src\\Illuminate\\Pipeline\\Pipeline.php(128): Illuminate\\Routing\\Router->Illuminate\\Routing\\{closure}(Object(Illuminate\\Http\\Request))
#15 C:\\Users\\WebCoop_Jhoa\\Documents\\repositorio\\karol\\Trabajo\\app\\Http\\Middleware\\RoleMiddleware.php(28): Illuminate\\Pipeline\\Pipeline->Illuminate\\Pipeline\\{closure}(Object(Illuminate\\Http\\Request))
#16 C:\\Users\\WebCoop_Jhoa\\Documents\\repositorio\\karol\\Trabajo\\vendor\\laravel\\framework\\src\\Illuminate\\Pipeline\\Pipeline.php(167): App\\Http\\Middleware\\RoleMiddleware->handle(Object(Illuminate\\Http\\Request), Object(Closure), 'empleado')
#17 C:\\Users\\WebCoop_Jhoa\\Documents\\repositorio\\karol\\Trabajo\\vendor\\laravel\\framework\\src\\Illuminate\\Routing\\Middleware\\SubstituteBindings.php(50): Illuminate\\Pipeline\\Pipeline->Illuminate\\Pipeline\\{closure}(Object(Illuminate\\Http\\Request))
#18 C:\\Users\\WebCoop_Jhoa\\Documents\\repositorio\\karol\\Trabajo\\vendor\\laravel\\framework\\src\\Illuminate\\Pipeline\\Pipeline.php(167): Illuminate\\Routing\\Middleware\\SubstituteBindings->handle(Object(Illuminate\\Http\\Request), Object(Closure))
#19 C:\\Users\\WebCoop_Jhoa\\Documents\\repositorio\\karol\\Trabajo\\vendor\\laravel\\framework\\src\\Illuminate\\Auth\\Middleware\\Authenticate.php(44): Illuminate\\Pipeline\\Pipeline->Illuminate\\Pipeline\\{closure}(Object(Illuminate\\Http\\Request))
#20 C:\\Users\\WebCoop_Jhoa\\Documents\\repositorio\\karol\\Trabajo\\vendor\\laravel\\framework\\src\\Illuminate\\Pipeline\\Pipeline.php(167): Illuminate\\Auth\\Middleware\\Authenticate->handle(Object(Illuminate\\Http\\Request), Object(Closure))
#21 C:\\Users\\WebCoop_Jhoa\\Documents\\repositorio\\karol\\Trabajo\\vendor\\laravel\\framework\\src\\Illuminate\\Foundation\\Http\\Middleware\\VerifyCsrfToken.php(78): Illuminate\\Pipeline\\Pipeline->Illuminate\\Pipeline\\{closure}(Object(Illuminate\\Http\\Request))
#22 C:\\Users\\WebCoop_Jhoa\\Documents\\repositorio\\karol\\Trabajo\\vendor\\laravel\\framework\\src\\Illuminate\\Pipeline\\Pipeline.php(167): Illuminate\\Foundation\\Http\\Middleware\\VerifyCsrfToken->handle(Object(Illuminate\\Http\\Request), Object(Closure))
#23 C:\\Users\\WebCoop_Jhoa\\Documents\\repositorio\\karol\\Trabajo\\vendor\\laravel\\framework\\src\\Illuminate\\View\\Middleware\\ShareErrorsFromSession.php(49): Illuminate\\Pipeline\\Pipeline->Illuminate\\Pipeline\\{closure}(Object(Illuminate\\Http\\Request))
#24 C:\\Users\\WebCoop_Jhoa\\Documents\\repositorio\\karol\\Trabajo\\vendor\\laravel\\framework\\src\\Illuminate\\Pipeline\\Pipeline.php(167): Illuminate\\View\\Middleware\\ShareErrorsFromSession->handle(Object(Illuminate\\Http\\Request), Object(Closure))
#25 C:\\Users\\WebCoop_Jhoa\\Documents\\repositorio\\karol\\Trabajo\\vendor\\laravel\\framework\\src\\Illuminate\\Session\\Middleware\\StartSession.php(121): Illuminate\\Pipeline\\Pipeline->Illuminate\\Pipeline\\{closure}(Object(Illuminate\\Http\\Request))
#26 C:\\Users\\WebCoop_Jhoa\\Documents\\repositorio\\karol\\Trabajo\\vendor\\laravel\\framework\\src\\Illuminate\\Session\\Middleware\\StartSession.php(64): Illuminate\\Session\\Middleware\\StartSession->handleStatefulRequest(Object(Illuminate\\Http\\Request), Object(Illuminate\\Session\\Store), Object(Closure))
#27 C:\\Users\\WebCoop_Jhoa\\Documents\\repositorio\\karol\\Trabajo\\vendor\\laravel\\framework\\src\\Illuminate\\Pipeline\\Pipeline.php(167): Illuminate\\Session\\Middleware\\StartSession->handle(Object(Illuminate\\Http\\Request), Object(Closure))
#28 C:\\Users\\WebCoop_Jhoa\\Documents\\repositorio\\karol\\Trabajo\\vendor\\laravel\\framework\\src\\Illuminate\\Cookie\\Middleware\\AddQueuedCookiesToResponse.php(37): Illuminate\\Pipeline\\Pipeline->Illuminate\\Pipeline\\{closure}(Object(Illuminate\\Http\\Request))
#29 C:\\Users\\WebCoop_Jhoa\\Documents\\repositorio\\karol\\Trabajo\\vendor\\laravel\\framework\\src\\Illuminate\\Pipeline\\Pipeline.php(167): Illuminate\\Cookie\\Middleware\\AddQueuedCookiesToResponse->handle(Object(Illuminate\\Http\\Request), Object(Closure))
#30 C:\\Users\\WebCoop_Jhoa\\Documents\\repositorio\\karol\\Trabajo\\vendor\\laravel\\framework\\src\\Illuminate\\Cookie\\Middleware\\EncryptCookies.php(67): Illuminate\\Pipeline\\Pipeline->Illuminate\\Pipeline\\{closure}(Object(Illuminate\\Http\\Request))
#31 C:\\Users\\WebCoop_Jhoa\\Documents\\repositorio\\karol\\Trabajo\\vendor\\laravel\\framework\\src\\Illuminate\\Pipeline\\Pipeline.php(167): Illuminate\\Cookie\\Middleware\\EncryptCookies->handle(Object(Illuminate\\Http\\Request), Object(Closure))
#32 C:\\Users\\WebCoop_Jhoa\\Documents\\repositorio\\karol\\Trabajo\\vendor\\laravel\\framework\\src\\Illuminate\\Pipeline\\Pipeline.php(103): Illuminate\\Pipeline\\Pipeline->Illuminate\\Pipeline\\{closure}(Object(Illuminate\\Http\\Request))
#33 C:\\Users\\WebCoop_Jhoa\\Documents\\repositorio\\karol\\Trabajo\\vendor\\laravel\\framework\\src\\Illuminate\\Routing\\Router.php(719): Illuminate\\Pipeline\\Pipeline->then(Object(Closure))
#34 C:\\Users\\WebCoop_Jhoa\\Documents\\repositorio\\karol\\Trabajo\\vendor\\laravel\\framework\\src\\Illuminate\\Routing\\Router.php(698): Illuminate\\Routing\\Router->runRouteWithinStack(Object(Illuminate\\Routing\\Route), Object(Illuminate\\Http\\Request))
#35 C:\\Users\\WebCoop_Jhoa\\Documents\\repositorio\\karol\\Trabajo\\vendor\\laravel\\framework\\src\\Illuminate\\Routing\\Router.php(662): Illuminate\\Routing\\Router->runRoute(Object(Illuminate\\Http\\Request), Object(Illuminate\\Routing\\Route))
#36 C:\\Users\\WebCoop_Jhoa\\Documents\\repositorio\\karol\\Trabajo\\vendor\\laravel\\framework\\src\\Illuminate\\Routing\\Router.php(651): Illuminate\\Routing\\Router->dispatchToRoute(Object(Illuminate\\Http\\Request))
#37 C:\\Users\\WebCoop_Jhoa\\Documents\\repositorio\\karol\\Trabajo\\vendor\\laravel\\framework\\src\\Illuminate\\Foundation\\Http\\Kernel.php(167): Illuminate\\Routing\\Router->dispatch(Object(Illuminate\\Http\\Request))
#38 C:\\Users\\WebCoop_Jhoa\\Documents\\repositorio\\karol\\Trabajo\\vendor\\laravel\\framework\\src\\Illuminate\\Pipeline\\Pipeline.php(128): Illuminate\\Foundation\\Http\\Kernel->Illuminate\\Foundation\\Http\\{closure}(Object(Illuminate\\Http\\Request))
#39 C:\\Users\\WebCoop_Jhoa\\Documents\\repositorio\\karol\\Trabajo\\vendor\\livewire\\livewire\\src\\DisableBrowserCache.php(19): Illuminate\\Pipeline\\Pipeline->Illuminate\\Pipeline\\{closure}(Object(Illuminate\\Http\\Request))
#40 C:\\Users\\WebCoop_Jhoa\\Documents\\repositorio\\karol\\Trabajo\\vendor\\laravel\\framework\\src\\Illuminate\\Pipeline\\Pipeline.php(167): Livewire\\DisableBrowserCache->handle(Object(Illuminate\\Http\\Request), Object(Closure))
#41 C:\\Users\\WebCoop_Jhoa\\Documents\\repositorio\\karol\\Trabajo\\vendor\\laravel\\framework\\src\\Illuminate\\Foundation\\Http\\Middleware\\TransformsRequest.php(21): Illuminate\\Pipeline\\Pipeline->Illuminate\\Pipeline\\{closure}(Object(Illuminate\\Http\\Request))
#42 C:\\Users\\WebCoop_Jhoa\\Documents\\repositorio\\karol\\Trabajo\\vendor\\laravel\\framework\\src\\Illuminate\\Foundation\\Http\\Middleware\\ConvertEmptyStringsToNull.php(31): Illuminate\\Foundation\\Http\\Middleware\\TransformsRequest->handle(Object(Illuminate\\Http\\Request), Object(Closure))
#43 C:\\Users\\WebCoop_Jhoa\\Documents\\repositorio\\karol\\Trabajo\\vendor\\laravel\\framework\\src\\Illuminate\\Pipeline\\Pipeline.php(167): Illuminate\\Foundation\\Http\\Middleware\\ConvertEmptyStringsToNull->handle(Object(Illuminate\\Http\\Request), Object(Closure))
#44 C:\\Users\\WebCoop_Jhoa\\Documents\\repositorio\\karol\\Trabajo\\vendor\\laravel\\framework\\src\\Illuminate\\Foundation\\Http\\Middleware\\TransformsRequest.php(21): Illuminate\\Pipeline\\Pipeline->Illuminate\\Pipeline\\{closure}(Object(Illuminate\\Http\\Request))
#45 C:\\Users\\WebCoop_Jhoa\\Documents\\repositorio\\karol\\Trabajo\\vendor\\laravel\\framework\\src\\Illuminate\\Foundation\\Http\\Middleware\\TrimStrings.php(40): Illuminate\\Foundation\\Http\\Middleware\\TransformsRequest->handle(Object(Illuminate\\Http\\Request), Object(Closure))
#46 C:\\Users\\WebCoop_Jhoa\\Documents\\repositorio\\karol\\Trabajo\\vendor\\laravel\\framework\\src\\Illuminate\\Pipeline\\Pipeline.php(167): Illuminate\\Foundation\\Http\\Middleware\\TrimStrings->handle(Object(Illuminate\\Http\\Request), Object(Closure))
#47 C:\\Users\\WebCoop_Jhoa\\Documents\\repositorio\\karol\\Trabajo\\vendor\\laravel\\framework\\src\\Illuminate\\Foundation\\Http\\Middleware\\ValidatePostSize.php(27): Illuminate\\Pipeline\\Pipeline->Illuminate\\Pipeline\\{closure}(Object(Illuminate\\Http\\Request))
#48 C:\\Users\\WebCoop_Jhoa\\Documents\\repositorio\\karol\\Trabajo\\vendor\\laravel\\framework\\src\\Illuminate\\Pipeline\\Pipeline.php(167): Illuminate\\Foundation\\Http\\Middleware\\ValidatePostSize->handle(Object(Illuminate\\Http\\Request), Object(Closure))
#49 C:\\Users\\WebCoop_Jhoa\\Documents\\repositorio\\karol\\Trabajo\\vendor\\laravel\\framework\\src\\Illuminate\\Foundation\\Http\\Middleware\\PreventRequestsDuringMaintenance.php(86): Illuminate\\Pipeline\\Pipeline->Illuminate\\Pipeline\\{closure}(Object(Illuminate\\Http\\Request))
#50 C:\\Users\\WebCoop_Jhoa\\Documents\\repositorio\\karol\\Trabajo\\vendor\\laravel\\framework\\src\\Illuminate\\Pipeline\\Pipeline.php(167): Illuminate\\Foundation\\Http\\Middleware\\PreventRequestsDuringMaintenance->handle(Object(Illuminate\\Http\\Request), Object(Closure))
#51 C:\\Users\\WebCoop_Jhoa\\Documents\\repositorio\\karol\\Trabajo\\vendor\\fruitcake\\laravel-cors\\src\\HandleCors.php(38): Illuminate\\Pipeline\\Pipeline->Illuminate\\Pipeline\\{closure}(Object(Illuminate\\Http\\Request))
#52 C:\\Users\\WebCoop_Jhoa\\Documents\\repositorio\\karol\\Trabajo\\vendor\\laravel\\framework\\src\\Illuminate\\Pipeline\\Pipeline.php(167): Fruitcake\\Cors\\HandleCors->handle(Object(Illuminate\\Http\\Request), Object(Closure))
#53 C:\\Users\\WebCoop_Jhoa\\Documents\\repositorio\\karol\\Trabajo\\vendor\\laravel\\framework\\src\\Illuminate\\Http\\Middleware\\TrustProxies.php(39): Illuminate\\Pipeline\\Pipeline->Illuminate\\Pipeline\\{closure}(Object(Illuminate\\Http\\Request))
#54 C:\\Users\\WebCoop_Jhoa\\Documents\\repositorio\\karol\\Trabajo\\vendor\\laravel\\framework\\src\\Illuminate\\Pipeline\\Pipeline.php(167): Illuminate\\Http\\Middleware\\TrustProxies->handle(Object(Illuminate\\Http\\Request), Object(Closure))
#55 C:\\Users\\WebCoop_Jhoa\\Documents\\repositorio\\karol\\Trabajo\\vendor\\laravel\\framework\\src\\Illuminate\\Pipeline\\Pipeline.php(103): Illuminate\\Pipeline\\Pipeline->Illuminate\\Pipeline\\{closure}(Object(Illuminate\\Http\\Request))
#56 C:\\Users\\WebCoop_Jhoa\\Documents\\repositorio\\karol\\Trabajo\\vendor\\laravel\\framework\\src\\Illuminate\\Foundation\\Http\\Kernel.php(142): Illuminate\\Pipeline\\Pipeline->then(Object(Closure))
#57 C:\\Users\\WebCoop_Jhoa\\Documents\\repositorio\\karol\\Trabajo\\vendor\\laravel\\framework\\src\\Illuminate\\Foundation\\Http\\Kernel.php(111): Illuminate\\Foundation\\Http\\Kernel->sendRequestThroughRouter(Object(Illuminate\\Http\\Request))
#58 C:\\Users\\WebCoop_Jhoa\\Documents\\repositorio\\karol\\Trabajo\\public\\index.php(51): Illuminate\\Foundation\\Http\\Kernel->handle(Object(Illuminate\\Http\\Request))
#59 C:\\Users\\WebCoop_Jhoa\\Documents\\repositorio\\karol\\Trabajo\\server.php(21): require_once('C:\\\\Users\\\\WebCoo...')
#60 {main}

[previous exception] [object] (PDOException(code: 23000): SQLSTATE[23000]: Integrity constraint violation: 1048 Column 'empleado_id' cannot be null at C:\\Users\\WebCoop_Jhoa\\Documents\\repositorio\\karol\\Trabajo\\vendor\\laravel\\framework\\src\\Illuminate\\Database\\Connection.php:526)
[stacktrace]
#0 C:\\Users\\WebCoop_Jhoa\\Documents\\repositorio\\karol\\Trabajo\\vendor\\laravel\\framework\\src\\Illuminate\\Database\\Connection.php(526): PDOStatement->execute()
#1 C:\\Users\\WebCoop_Jhoa\\Documents\\repositorio\\karol\\Trabajo\\vendor\\laravel\\framework\\src\\Illuminate\\Database\\Connection.php(705): Illuminate\\Database\\Connection->Illuminate\\Database\\{closure}('update `activid...', Array)
#2 C:\\Users\\WebCoop_Jhoa\\Documents\\repositorio\\karol\\Trabajo\\vendor\\laravel\\framework\\src\\Illuminate\\Database\\Connection.php(672): Illuminate\\Database\\Connection->runQueryCallback('update `activid...', Array, Object(Closure))
#3 C:\\Users\\WebCoop_Jhoa\\Documents\\repositorio\\karol\\Trabajo\\vendor\\laravel\\framework\\src\\Illuminate\\Database\\Connection.php(514): Illuminate\\Database\\Connection->run('update `activid...', Array, Object(Closure))
#4 C:\\Users\\WebCoop_Jhoa\\Documents\\repositorio\\karol\\Trabajo\\vendor\\laravel\\framework\\src\\Illuminate\\Database\\Connection.php(466): Illuminate\\Database\\Connection->affectingStatement('update `activid...', Array)
#5 C:\\Users\\WebCoop_Jhoa\\Documents\\repositorio\\karol\\Trabajo\\vendor\\laravel\\framework\\src\\Illuminate\\Database\\Query\\Builder.php(3062): Illuminate\\Database\\Connection->update('update `activid...', Array)
#6 C:\\Users\\WebCoop_Jhoa\\Documents\\repositorio\\karol\\Trabajo\\vendor\\laravel\\framework\\src\\Illuminate\\Database\\Eloquent\\Builder.php(921): Illuminate\\Database\\Query\\Builder->update(Array)
#7 C:\\Users\\WebCoop_Jhoa\\Documents\\repositorio\\karol\\Trabajo\\vendor\\laravel\\framework\\src\\Illuminate\\Database\\Eloquent\\Model.php(1072): Illuminate\\Database\\Eloquent\\Builder->update(Array)
#8 C:\\Users\\WebCoop_Jhoa\\Documents\\repositorio\\karol\\Trabajo\\vendor\\laravel\\framework\\src\\Illuminate\\Database\\Eloquent\\Model.php(987): Illuminate\\Database\\Eloquent\\Model->performUpdate(Object(Illuminate\\Database\\Eloquent\\Builder))
#9 C:\\Users\\WebCoop_Jhoa\\Documents\\repositorio\\karol\\Trabajo\\vendor\\laravel\\framework\\src\\Illuminate\\Database\\Eloquent\\Model.php(885): Illuminate\\Database\\Eloquent\\Model->save(Array)
#10 C:\\Users\\WebCoop_Jhoa\\Documents\\repositorio\\karol\\Trabajo\\app\\Http\\Controllers\\ActividadesController.php(265): Illuminate\\Database\\Eloquent\\Model->update(Array)
#11 C:\\Users\\WebCoop_Jhoa\\Documents\\repositorio\\karol\\Trabajo\\vendor\\laravel\\framework\\src\\Illuminate\\Routing\\Controller.php(54): App\\Http\\Controllers\\ActividadesController->update(Object(Illuminate\\Http\\Request), '4125')
#12 C:\\Users\\WebCoop_Jhoa\\Documents\\repositorio\\karol\\Trabajo\\vendor\\laravel\\framework\\src\\Illuminate\\Routing\\ControllerDispatcher.php(45): Illuminate\\Routing\\Controller->callAction('update', Array)
#13 C:\\Users\\WebCoop_Jhoa\\Documents\\repositorio\\karol\\Trabajo\\vendor\\laravel\\framework\\src\\Illuminate\\Routing\\Route.php(261): Illuminate\\Routing\\ControllerDispatcher->dispatch(Object(Illuminate\\Routing\\Route), Object(App\\Http\\Controllers\\ActividadesController), 'update')
#14 C:\\Users\\WebCoop_Jhoa\\Documents\\repositorio\\karol\\Trabajo\\vendor\\laravel\\framework\\src\\Illuminate\\Routing\\Route.php(205): Illuminate\\Routing\\Route->runController()
#15 C:\\Users\\WebCoop_Jhoa\\Documents\\repositorio\\karol\\Trabajo\\vendor\\laravel\\framework\\src\\Illuminate\\Routing\\Router.php(721): Illuminate\\Routing\\Route->run()
#16 C:\\Users\\WebCoop_Jhoa\\Documents\\repositorio\\karol\\Trabajo\\vendor\\laravel\\framework\\src\\Illuminate\\Pipeline\\Pipeline.php(128): Illuminate\\Routing\\Router->Illuminate\\Routing\\{closure}(Object(Illuminate\\Http\\Request))
#17 C:\\Users\\WebCoop_Jhoa\\Documents\\repositorio\\karol\\Trabajo\\app\\Http\\Middleware\\RoleMiddleware.php(28): Illuminate\\Pipeline\\Pipeline->Illuminate\\Pipeline\\{closure}(Object(Illuminate\\Http\\Request))
#18 C:\\Users\\WebCoop_Jhoa\\Documents\\repositorio\\karol\\Trabajo\\vendor\\laravel\\framework\\src\\Illuminate\\Pipeline\\Pipeline.php(167): App\\Http\\Middleware\\RoleMiddleware->handle(Object(Illuminate\\Http\\Request), Object(Closure), 'empleado')
#19 C:\\Users\\WebCoop_Jhoa\\Documents\\repositorio\\karol\\Trabajo\\vendor\\laravel\\framework\\src\\Illuminate\\Routing\\Middleware\\SubstituteBindings.php(50): Illuminate\\Pipeline\\Pipeline->Illuminate\\Pipeline\\{closure}(Object(Illuminate\\Http\\Request))
#20 C:\\Users\\WebCoop_Jhoa\\Documents\\repositorio\\karol\\Trabajo\\vendor\\laravel\\framework\\src\\Illuminate\\Pipeline\\Pipeline.php(167): Illuminate\\Routing\\Middleware\\SubstituteBindings->handle(Object(Illuminate\\Http\\Request), Object(Closure))
#21 C:\\Users\\WebCoop_Jhoa\\Documents\\repositorio\\karol\\Trabajo\\vendor\\laravel\\framework\\src\\Illuminate\\Auth\\Middleware\\Authenticate.php(44): Illuminate\\Pipeline\\Pipeline->Illuminate\\Pipeline\\{closure}(Object(Illuminate\\Http\\Request))
#22 C:\\Users\\WebCoop_Jhoa\\Documents\\repositorio\\karol\\Trabajo\\vendor\\laravel\\framework\\src\\Illuminate\\Pipeline\\Pipeline.php(167): Illuminate\\Auth\\Middleware\\Authenticate->handle(Object(Illuminate\\Http\\Request), Object(Closure))
#23 C:\\Users\\WebCoop_Jhoa\\Documents\\repositorio\\karol\\Trabajo\\vendor\\laravel\\framework\\src\\Illuminate\\Foundation\\Http\\Middleware\\VerifyCsrfToken.php(78): Illuminate\\Pipeline\\Pipeline->Illuminate\\Pipeline\\{closure}(Object(Illuminate\\Http\\Request))
#24 C:\\Users\\WebCoop_Jhoa\\Documents\\repositorio\\karol\\Trabajo\\vendor\\laravel\\framework\\src\\Illuminate\\Pipeline\\Pipeline.php(167): Illuminate\\Foundation\\Http\\Middleware\\VerifyCsrfToken->handle(Object(Illuminate\\Http\\Request), Object(Closure))
#25 C:\\Users\\WebCoop_Jhoa\\Documents\\repositorio\\karol\\Trabajo\\vendor\\laravel\\framework\\src\\Illuminate\\View\\Middleware\\ShareErrorsFromSession.php(49): Illuminate\\Pipeline\\Pipeline->Illuminate\\Pipeline\\{closure}(Object(Illuminate\\Http\\Request))
#26 C:\\Users\\WebCoop_Jhoa\\Documents\\repositorio\\karol\\Trabajo\\vendor\\laravel\\framework\\src\\Illuminate\\Pipeline\\Pipeline.php(167): Illuminate\\View\\Middleware\\ShareErrorsFromSession->handle(Object(Illuminate\\Http\\Request), Object(Closure))
#27 C:\\Users\\WebCoop_Jhoa\\Documents\\repositorio\\karol\\Trabajo\\vendor\\laravel\\framework\\src\\Illuminate\\Session\\Middleware\\StartSession.php(121): Illuminate\\Pipeline\\Pipeline->Illuminate\\Pipeline\\{closure}(Object(Illuminate\\Http\\Request))
#28 C:\\Users\\WebCoop_Jhoa\\Documents\\repositorio\\karol\\Trabajo\\vendor\\laravel\\framework\\src\\Illuminate\\Session\\Middleware\\StartSession.php(64): Illuminate\\Session\\Middleware\\StartSession->handleStatefulRequest(Object(Illuminate\\Http\\Request), Object(Illuminate\\Session\\Store), Object(Closure))
#29 C:\\Users\\WebCoop_Jhoa\\Documents\\repositorio\\karol\\Trabajo\\vendor\\laravel\\framework\\src\\Illuminate\\Pipeline\\Pipeline.php(167): Illuminate\\Session\\Middleware\\StartSession->handle(Object(Illuminate\\Http\\Request), Object(Closure))
#30 C:\\Users\\WebCoop_Jhoa\\Documents\\repositorio\\karol\\Trabajo\\vendor\\laravel\\framework\\src\\Illuminate\\Cookie\\Middleware\\AddQueuedCookiesToResponse.php(37): Illuminate\\Pipeline\\Pipeline->Illuminate\\Pipeline\\{closure}(Object(Illuminate\\Http\\Request))
#31 C:\\Users\\WebCoop_Jhoa\\Documents\\repositorio\\karol\\Trabajo\\vendor\\laravel\\framework\\src\\Illuminate\\Pipeline\\Pipeline.php(167): Illuminate\\Cookie\\Middleware\\AddQueuedCookiesToResponse->handle(Object(Illuminate\\Http\\Request), Object(Closure))
#32 C:\\Users\\WebCoop_Jhoa\\Documents\\repositorio\\karol\\Trabajo\\vendor\\laravel\\framework\\src\\Illuminate\\Cookie\\Middleware\\EncryptCookies.php(67): Illuminate\\Pipeline\\Pipeline->Illuminate\\Pipeline\\{closure}(Object(Illuminate\\Http\\Request))
#33 C:\\Users\\WebCoop_Jhoa\\Documents\\repositorio\\karol\\Trabajo\\vendor\\laravel\\framework\\src\\Illuminate\\Pipeline\\Pipeline.php(167): Illuminate\\Cookie\\Middleware\\EncryptCookies->handle(Object(Illuminate\\Http\\Request), Object(Closure))
#34 C:\\Users\\WebCoop_Jhoa\\Documents\\repositorio\\karol\\Trabajo\\vendor\\laravel\\framework\\src\\Illuminate\\Pipeline\\Pipeline.php(103): Illuminate\\Pipeline\\Pipeline->Illuminate\\Pipeline\\{closure}(Object(Illuminate\\Http\\Request))
#35 C:\\Users\\WebCoop_Jhoa\\Documents\\repositorio\\karol\\Trabajo\\vendor\\laravel\\framework\\src\\Illuminate\\Routing\\Router.php(719): Illuminate\\Pipeline\\Pipeline->then(Object(Closure))
#36 C:\\Users\\WebCoop_Jhoa\\Documents\\repositorio\\karol\\Trabajo\\vendor\\laravel\\framework\\src\\Illuminate\\Routing\\Router.php(698): Illuminate\\Routing\\Router->runRouteWithinStack(Object(Illuminate\\Routing\\Route), Object(Illuminate\\Http\\Request))
#37 C:\\Users\\WebCoop_Jhoa\\Documents\\repositorio\\karol\\Trabajo\\vendor\\laravel\\framework\\src\\Illuminate\\Routing\\Router.php(662): Illuminate\\Routing\\Router->runRoute(Object(Illuminate\\Http\\Request), Object(Illuminate\\Routing\\Route))
#38 C:\\Users\\WebCoop_Jhoa\\Documents\\repositorio\\karol\\Trabajo\\vendor\\laravel\\framework\\src\\Illuminate\\Routing\\Router.php(651): Illuminate\\Routing\\Router->dispatchToRoute(Object(Illuminate\\Http\\Request))
#39 C:\\Users\\WebCoop_Jhoa\\Documents\\repositorio\\karol\\Trabajo\\vendor\\laravel\\framework\\src\\Illuminate\\Foundation\\Http\\Kernel.php(167): Illuminate\\Routing\\Router->dispatch(Object(Illuminate\\Http\\Request))
#40 C:\\Users\\WebCoop_Jhoa\\Documents\\repositorio\\karol\\Trabajo\\vendor\\laravel\\framework\\src\\Illuminate\\Pipeline\\Pipeline.php(128): Illuminate\\Foundation\\Http\\Kernel->Illuminate\\Foundation\\Http\\{closure}(Object(Illuminate\\Http\\Request))
#41 C:\\Users\\WebCoop_Jhoa\\Documents\\repositorio\\karol\\Trabajo\\vendor\\livewire\\livewire\\src\\DisableBrowserCache.php(19): Illuminate\\Pipeline\\Pipeline->Illuminate\\Pipeline\\{closure}(Object(Illuminate\\Http\\Request))
#42 C:\\Users\\WebCoop_Jhoa\\Documents\\repositorio\\karol\\Trabajo\\vendor\\laravel\\framework\\src\\Illuminate\\Pipeline\\Pipeline.php(167): Livewire\\DisableBrowserCache->handle(Object(Illuminate\\Http\\Request), Object(Closure))
#43 C:\\Users\\WebCoop_Jhoa\\Documents\\repositorio\\karol\\Trabajo\\vendor\\laravel\\framework\\src\\Illuminate\\Foundation\\Http\\Middleware\\TransformsRequest.php(21): Illuminate\\Pipeline\\Pipeline->Illuminate\\Pipeline\\{closure}(Object(Illuminate\\Http\\Request))
#44 C:\\Users\\WebCoop_Jhoa\\Documents\\repositorio\\karol\\Trabajo\\vendor\\laravel\\framework\\src\\Illuminate\\Foundation\\Http\\Middleware\\ConvertEmptyStringsToNull.php(31): Illuminate\\Foundation\\Http\\Middleware\\TransformsRequest->handle(Object(Illuminate\\Http\\Request), Object(Closure))
#45 C:\\Users\\WebCoop_Jhoa\\Documents\\repositorio\\karol\\Trabajo\\vendor\\laravel\\framework\\src\\Illuminate\\Pipeline\\Pipeline.php(167): Illuminate\\Foundation\\Http\\Middleware\\ConvertEmptyStringsToNull->handle(Object(Illuminate\\Http\\Request), Object(Closure))
#46 C:\\Users\\WebCoop_Jhoa\\Documents\\repositorio\\karol\\Trabajo\\vendor\\laravel\\framework\\src\\Illuminate\\Foundation\\Http\\Middleware\\TransformsRequest.php(21): Illuminate\\Pipeline\\Pipeline->Illuminate\\Pipeline\\{closure}(Object(Illuminate\\Http\\Request))
#47 C:\\Users\\WebCoop_Jhoa\\Documents\\repositorio\\karol\\Trabajo\\vendor\\laravel\\framework\\src\\Illuminate\\Foundation\\Http\\Middleware\\TrimStrings.php(40): Illuminate\\Foundation\\Http\\Middleware\\TransformsRequest->handle(Object(Illuminate\\Http\\Request), Object(Closure))
#48 C:\\Users\\WebCoop_Jhoa\\Documents\\repositorio\\karol\\Trabajo\\vendor\\laravel\\framework\\src\\Illuminate\\Pipeline\\Pipeline.php(167): Illuminate\\Foundation\\Http\\Middleware\\TrimStrings->handle(Object(Illuminate\\Http\\Request), Object(Closure))
#49 C:\\Users\\WebCoop_Jhoa\\Documents\\repositorio\\karol\\Trabajo\\vendor\\laravel\\framework\\src\\Illuminate\\Foundation\\Http\\Middleware\\ValidatePostSize.php(27): Illuminate\\Pipeline\\Pipeline->Illuminate\\Pipeline\\{closure}(Object(Illuminate\\Http\\Request))
#50 C:\\Users\\WebCoop_Jhoa\\Documents\\repositorio\\karol\\Trabajo\\vendor\\laravel\\framework\\src\\Illuminate\\Pipeline\\Pipeline.php(167): Illuminate\\Foundation\\Http\\Middleware\\ValidatePostSize->handle(Object(Illuminate\\Http\\Request), Object(Closure))
#51 C:\\Users\\WebCoop_Jhoa\\Documents\\repositorio\\karol\\Trabajo\\vendor\\laravel\\framework\\src\\Illuminate\\Foundation\\Http\\Middleware\\PreventRequestsDuringMaintenance.php(86): Illuminate\\Pipeline\\Pipeline->Illuminate\\Pipeline\\{closure}(Object(Illuminate\\Http\\Request))
#52 C:\\Users\\WebCoop_Jhoa\\Documents\\repositorio\\karol\\Trabajo\\vendor\\laravel\\framework\\src\\Illuminate\\Pipeline\\Pipeline.php(167): Illuminate\\Foundation\\Http\\Middleware\\PreventRequestsDuringMaintenance->handle(Object(Illuminate\\Http\\Request), Object(Closure))
#53 C:\\Users\\WebCoop_Jhoa\\Documents\\repositorio\\karol\\Trabajo\\vendor\\fruitcake\\laravel-cors\\src\\HandleCors.php(38): Illuminate\\Pipeline\\Pipeline->Illuminate\\Pipeline\\{closure}(Object(Illuminate\\Http\\Request))
#54 C:\\Users\\WebCoop_Jhoa\\Documents\\repositorio\\karol\\Trabajo\\vendor\\laravel\\framework\\src\\Illuminate\\Pipeline\\Pipeline.php(167): Fruitcake\\Cors\\HandleCors->handle(Object(Illuminate\\Http\\Request), Object(Closure))
#55 C:\\Users\\WebCoop_Jhoa\\Documents\\repositorio\\karol\\Trabajo\\vendor\\laravel\\framework\\src\\Illuminate\\Http\\Middleware\\TrustProxies.php(39): Illuminate\\Pipeline\\Pipeline->Illuminate\\Pipeline\\{closure}(Object(Illuminate\\Http\\Request))
#56 C:\\Users\\WebCoop_Jhoa\\Documents\\repositorio\\karol\\Trabajo\\vendor\\laravel\\framework\\src\\Illuminate\\Pipeline\\Pipeline.php(167): Illuminate\\Http\\Middleware\\TrustProxies->handle(Object(Illuminate\\Http\\Request), Object(Closure))
#57 C:\\Users\\WebCoop_Jhoa\\Documents\\repositorio\\karol\\Trabajo\\vendor\\laravel\\framework\\src\\Illuminate\\Pipeline\\Pipeline.php(103): Illuminate\\Pipeline\\Pipeline->Illuminate\\Pipeline\\{closure}(Object(Illuminate\\Http\\Request))
#58 C:\\Users\\WebCoop_Jhoa\\Documents\\repositorio\\karol\\Trabajo\\vendor\\laravel\\framework\\src\\Illuminate\\Foundation\\Http\\Kernel.php(142): Illuminate\\Pipeline\\Pipeline->then(Object(Closure))
#59 C:\\Users\\WebCoop_Jhoa\\Documents\\repositorio\\karol\\Trabajo\\vendor\\laravel\\framework\\src\\Illuminate\\Foundation\\Http\\Kernel.php(111): Illuminate\\Foundation\\Http\\Kernel->sendRequestThroughRouter(Object(Illuminate\\Http\\Request))
#60 C:\\Users\\WebCoop_Jhoa\\Documents\\repositorio\\karol\\Trabajo\\public\\index.php(51): Illuminate\\Foundation\\Http\\Kernel->handle(Object(Illuminate\\Http\\Request))
#61 C:\\Users\\WebCoop_Jhoa\\Documents\\repositorio\\karol\\Trabajo\\server.php(21): require_once('C:\\\\Users\\\\WebCoo...')
#62 {main}
"} 
[2025-04-21 15:42:21] local.ERROR: SQLSTATE[23000]: Integrity constraint violation: 1048 Column 'empleado_id' cannot be null (SQL: update `actividades` set `empleado_id` = ?, `error` = CLIENTE, `actividades`.`updated_at` = 2025-04-21 15:42:21 where `id` = 4125) {"userId":4,"exception":"[object] (Illuminate\\Database\\QueryException(code: 23000): SQLSTATE[23000]: Integrity constraint violation: 1048 Column 'empleado_id' cannot be null (SQL: update `actividades` set `empleado_id` = ?, `error` = CLIENTE, `actividades`.`updated_at` = 2025-04-21 15:42:21 where `id` = 4125) at C:\\Users\\WebCoop_Jhoa\\Documents\\repositorio\\karol\\Trabajo\\vendor\\laravel\\framework\\src\\Illuminate\\Database\\Connection.php:712)
[stacktrace]
#0 C:\\Users\\WebCoop_Jhoa\\Documents\\repositorio\\karol\\Trabajo\\vendor\\laravel\\framework\\src\\Illuminate\\Database\\Connection.php(672): Illuminate\\Database\\Connection->runQueryCallback('update `activid...', Array, Object(Closure))
#1 C:\\Users\\WebCoop_Jhoa\\Documents\\repositorio\\karol\\Trabajo\\vendor\\laravel\\framework\\src\\Illuminate\\Database\\Connection.php(514): Illuminate\\Database\\Connection->run('update `activid...', Array, Object(Closure))
#2 C:\\Users\\WebCoop_Jhoa\\Documents\\repositorio\\karol\\Trabajo\\vendor\\laravel\\framework\\src\\Illuminate\\Database\\Connection.php(466): Illuminate\\Database\\Connection->affectingStatement('update `activid...', Array)
#3 C:\\Users\\WebCoop_Jhoa\\Documents\\repositorio\\karol\\Trabajo\\vendor\\laravel\\framework\\src\\Illuminate\\Database\\Query\\Builder.php(3062): Illuminate\\Database\\Connection->update('update `activid...', Array)
#4 C:\\Users\\WebCoop_Jhoa\\Documents\\repositorio\\karol\\Trabajo\\vendor\\laravel\\framework\\src\\Illuminate\\Database\\Eloquent\\Builder.php(921): Illuminate\\Database\\Query\\Builder->update(Array)
#5 C:\\Users\\WebCoop_Jhoa\\Documents\\repositorio\\karol\\Trabajo\\vendor\\laravel\\framework\\src\\Illuminate\\Database\\Eloquent\\Model.php(1072): Illuminate\\Database\\Eloquent\\Builder->update(Array)
#6 C:\\Users\\WebCoop_Jhoa\\Documents\\repositorio\\karol\\Trabajo\\vendor\\laravel\\framework\\src\\Illuminate\\Database\\Eloquent\\Model.php(987): Illuminate\\Database\\Eloquent\\Model->performUpdate(Object(Illuminate\\Database\\Eloquent\\Builder))
#7 C:\\Users\\WebCoop_Jhoa\\Documents\\repositorio\\karol\\Trabajo\\vendor\\laravel\\framework\\src\\Illuminate\\Database\\Eloquent\\Model.php(885): Illuminate\\Database\\Eloquent\\Model->save(Array)
#8 C:\\Users\\WebCoop_Jhoa\\Documents\\repositorio\\karol\\Trabajo\\app\\Http\\Controllers\\ActividadesController.php(265): Illuminate\\Database\\Eloquent\\Model->update(Array)
#9 C:\\Users\\WebCoop_Jhoa\\Documents\\repositorio\\karol\\Trabajo\\vendor\\laravel\\framework\\src\\Illuminate\\Routing\\Controller.php(54): App\\Http\\Controllers\\ActividadesController->update(Object(Illuminate\\Http\\Request), '4125')
#10 C:\\Users\\WebCoop_Jhoa\\Documents\\repositorio\\karol\\Trabajo\\vendor\\laravel\\framework\\src\\Illuminate\\Routing\\ControllerDispatcher.php(45): Illuminate\\Routing\\Controller->callAction('update', Array)
#11 C:\\Users\\WebCoop_Jhoa\\Documents\\repositorio\\karol\\Trabajo\\vendor\\laravel\\framework\\src\\Illuminate\\Routing\\Route.php(261): Illuminate\\Routing\\ControllerDispatcher->dispatch(Object(Illuminate\\Routing\\Route), Object(App\\Http\\Controllers\\ActividadesController), 'update')
#12 C:\\Users\\WebCoop_Jhoa\\Documents\\repositorio\\karol\\Trabajo\\vendor\\laravel\\framework\\src\\Illuminate\\Routing\\Route.php(205): Illuminate\\Routing\\Route->runController()
#13 C:\\Users\\WebCoop_Jhoa\\Documents\\repositorio\\karol\\Trabajo\\vendor\\laravel\\framework\\src\\Illuminate\\Routing\\Router.php(721): Illuminate\\Routing\\Route->run()
#14 C:\\Users\\WebCoop_Jhoa\\Documents\\repositorio\\karol\\Trabajo\\vendor\\laravel\\framework\\src\\Illuminate\\Pipeline\\Pipeline.php(128): Illuminate\\Routing\\Router->Illuminate\\Routing\\{closure}(Object(Illuminate\\Http\\Request))
#15 C:\\Users\\WebCoop_Jhoa\\Documents\\repositorio\\karol\\Trabajo\\app\\Http\\Middleware\\RoleMiddleware.php(28): Illuminate\\Pipeline\\Pipeline->Illuminate\\Pipeline\\{closure}(Object(Illuminate\\Http\\Request))
#16 C:\\Users\\WebCoop_Jhoa\\Documents\\repositorio\\karol\\Trabajo\\vendor\\laravel\\framework\\src\\Illuminate\\Pipeline\\Pipeline.php(167): App\\Http\\Middleware\\RoleMiddleware->handle(Object(Illuminate\\Http\\Request), Object(Closure), 'empleado')
#17 C:\\Users\\WebCoop_Jhoa\\Documents\\repositorio\\karol\\Trabajo\\vendor\\laravel\\framework\\src\\Illuminate\\Routing\\Middleware\\SubstituteBindings.php(50): Illuminate\\Pipeline\\Pipeline->Illuminate\\Pipeline\\{closure}(Object(Illuminate\\Http\\Request))
#18 C:\\Users\\WebCoop_Jhoa\\Documents\\repositorio\\karol\\Trabajo\\vendor\\laravel\\framework\\src\\Illuminate\\Pipeline\\Pipeline.php(167): Illuminate\\Routing\\Middleware\\SubstituteBindings->handle(Object(Illuminate\\Http\\Request), Object(Closure))
#19 C:\\Users\\WebCoop_Jhoa\\Documents\\repositorio\\karol\\Trabajo\\vendor\\laravel\\framework\\src\\Illuminate\\Auth\\Middleware\\Authenticate.php(44): Illuminate\\Pipeline\\Pipeline->Illuminate\\Pipeline\\{closure}(Object(Illuminate\\Http\\Request))
#20 C:\\Users\\WebCoop_Jhoa\\Documents\\repositorio\\karol\\Trabajo\\vendor\\laravel\\framework\\src\\Illuminate\\Pipeline\\Pipeline.php(167): Illuminate\\Auth\\Middleware\\Authenticate->handle(Object(Illuminate\\Http\\Request), Object(Closure))
#21 C:\\Users\\WebCoop_Jhoa\\Documents\\repositorio\\karol\\Trabajo\\vendor\\laravel\\framework\\src\\Illuminate\\Foundation\\Http\\Middleware\\VerifyCsrfToken.php(78): Illuminate\\Pipeline\\Pipeline->Illuminate\\Pipeline\\{closure}(Object(Illuminate\\Http\\Request))
#22 C:\\Users\\WebCoop_Jhoa\\Documents\\repositorio\\karol\\Trabajo\\vendor\\laravel\\framework\\src\\Illuminate\\Pipeline\\Pipeline.php(167): Illuminate\\Foundation\\Http\\Middleware\\VerifyCsrfToken->handle(Object(Illuminate\\Http\\Request), Object(Closure))
#23 C:\\Users\\WebCoop_Jhoa\\Documents\\repositorio\\karol\\Trabajo\\vendor\\laravel\\framework\\src\\Illuminate\\View\\Middleware\\ShareErrorsFromSession.php(49): Illuminate\\Pipeline\\Pipeline->Illuminate\\Pipeline\\{closure}(Object(Illuminate\\Http\\Request))
#24 C:\\Users\\WebCoop_Jhoa\\Documents\\repositorio\\karol\\Trabajo\\vendor\\laravel\\framework\\src\\Illuminate\\Pipeline\\Pipeline.php(167): Illuminate\\View\\Middleware\\ShareErrorsFromSession->handle(Object(Illuminate\\Http\\Request), Object(Closure))
#25 C:\\Users\\WebCoop_Jhoa\\Documents\\repositorio\\karol\\Trabajo\\vendor\\laravel\\framework\\src\\Illuminate\\Session\\Middleware\\StartSession.php(121): Illuminate\\Pipeline\\Pipeline->Illuminate\\Pipeline\\{closure}(Object(Illuminate\\Http\\Request))
#26 C:\\Users\\WebCoop_Jhoa\\Documents\\repositorio\\karol\\Trabajo\\vendor\\laravel\\framework\\src\\Illuminate\\Session\\Middleware\\StartSession.php(64): Illuminate\\Session\\Middleware\\StartSession->handleStatefulRequest(Object(Illuminate\\Http\\Request), Object(Illuminate\\Session\\Store), Object(Closure))
#27 C:\\Users\\WebCoop_Jhoa\\Documents\\repositorio\\karol\\Trabajo\\vendor\\laravel\\framework\\src\\Illuminate\\Pipeline\\Pipeline.php(167): Illuminate\\Session\\Middleware\\StartSession->handle(Object(Illuminate\\Http\\Request), Object(Closure))
#28 C:\\Users\\WebCoop_Jhoa\\Documents\\repositorio\\karol\\Trabajo\\vendor\\laravel\\framework\\src\\Illuminate\\Cookie\\Middleware\\AddQueuedCookiesToResponse.php(37): Illuminate\\Pipeline\\Pipeline->Illuminate\\Pipeline\\{closure}(Object(Illuminate\\Http\\Request))
#29 C:\\Users\\WebCoop_Jhoa\\Documents\\repositorio\\karol\\Trabajo\\vendor\\laravel\\framework\\src\\Illuminate\\Pipeline\\Pipeline.php(167): Illuminate\\Cookie\\Middleware\\AddQueuedCookiesToResponse->handle(Object(Illuminate\\Http\\Request), Object(Closure))
#30 C:\\Users\\WebCoop_Jhoa\\Documents\\repositorio\\karol\\Trabajo\\vendor\\laravel\\framework\\src\\Illuminate\\Cookie\\Middleware\\EncryptCookies.php(67): Illuminate\\Pipeline\\Pipeline->Illuminate\\Pipeline\\{closure}(Object(Illuminate\\Http\\Request))
#31 C:\\Users\\WebCoop_Jhoa\\Documents\\repositorio\\karol\\Trabajo\\vendor\\laravel\\framework\\src\\Illuminate\\Pipeline\\Pipeline.php(167): Illuminate\\Cookie\\Middleware\\EncryptCookies->handle(Object(Illuminate\\Http\\Request), Object(Closure))
#32 C:\\Users\\WebCoop_Jhoa\\Documents\\repositorio\\karol\\Trabajo\\vendor\\laravel\\framework\\src\\Illuminate\\Pipeline\\Pipeline.php(103): Illuminate\\Pipeline\\Pipeline->Illuminate\\Pipeline\\{closure}(Object(Illuminate\\Http\\Request))
#33 C:\\Users\\WebCoop_Jhoa\\Documents\\repositorio\\karol\\Trabajo\\vendor\\laravel\\framework\\src\\Illuminate\\Routing\\Router.php(719): Illuminate\\Pipeline\\Pipeline->then(Object(Closure))
#34 C:\\Users\\WebCoop_Jhoa\\Documents\\repositorio\\karol\\Trabajo\\vendor\\laravel\\framework\\src\\Illuminate\\Routing\\Router.php(698): Illuminate\\Routing\\Router->runRouteWithinStack(Object(Illuminate\\Routing\\Route), Object(Illuminate\\Http\\Request))
#35 C:\\Users\\WebCoop_Jhoa\\Documents\\repositorio\\karol\\Trabajo\\vendor\\laravel\\framework\\src\\Illuminate\\Routing\\Router.php(662): Illuminate\\Routing\\Router->runRoute(Object(Illuminate\\Http\\Request), Object(Illuminate\\Routing\\Route))
#36 C:\\Users\\WebCoop_Jhoa\\Documents\\repositorio\\karol\\Trabajo\\vendor\\laravel\\framework\\src\\Illuminate\\Routing\\Router.php(651): Illuminate\\Routing\\Router->dispatchToRoute(Object(Illuminate\\Http\\Request))
#37 C:\\Users\\WebCoop_Jhoa\\Documents\\repositorio\\karol\\Trabajo\\vendor\\laravel\\framework\\src\\Illuminate\\Foundation\\Http\\Kernel.php(167): Illuminate\\Routing\\Router->dispatch(Object(Illuminate\\Http\\Request))
#38 C:\\Users\\WebCoop_Jhoa\\Documents\\repositorio\\karol\\Trabajo\\vendor\\laravel\\framework\\src\\Illuminate\\Pipeline\\Pipeline.php(128): Illuminate\\Foundation\\Http\\Kernel->Illuminate\\Foundation\\Http\\{closure}(Object(Illuminate\\Http\\Request))
#39 C:\\Users\\WebCoop_Jhoa\\Documents\\repositorio\\karol\\Trabajo\\vendor\\livewire\\livewire\\src\\DisableBrowserCache.php(19): Illuminate\\Pipeline\\Pipeline->Illuminate\\Pipeline\\{closure}(Object(Illuminate\\Http\\Request))
#40 C:\\Users\\WebCoop_Jhoa\\Documents\\repositorio\\karol\\Trabajo\\vendor\\laravel\\framework\\src\\Illuminate\\Pipeline\\Pipeline.php(167): Livewire\\DisableBrowserCache->handle(Object(Illuminate\\Http\\Request), Object(Closure))
#41 C:\\Users\\WebCoop_Jhoa\\Documents\\repositorio\\karol\\Trabajo\\vendor\\laravel\\framework\\src\\Illuminate\\Foundation\\Http\\Middleware\\TransformsRequest.php(21): Illuminate\\Pipeline\\Pipeline->Illuminate\\Pipeline\\{closure}(Object(Illuminate\\Http\\Request))
#42 C:\\Users\\WebCoop_Jhoa\\Documents\\repositorio\\karol\\Trabajo\\vendor\\laravel\\framework\\src\\Illuminate\\Foundation\\Http\\Middleware\\ConvertEmptyStringsToNull.php(31): Illuminate\\Foundation\\Http\\Middleware\\TransformsRequest->handle(Object(Illuminate\\Http\\Request), Object(Closure))
#43 C:\\Users\\WebCoop_Jhoa\\Documents\\repositorio\\karol\\Trabajo\\vendor\\laravel\\framework\\src\\Illuminate\\Pipeline\\Pipeline.php(167): Illuminate\\Foundation\\Http\\Middleware\\ConvertEmptyStringsToNull->handle(Object(Illuminate\\Http\\Request), Object(Closure))
#44 C:\\Users\\WebCoop_Jhoa\\Documents\\repositorio\\karol\\Trabajo\\vendor\\laravel\\framework\\src\\Illuminate\\Foundation\\Http\\Middleware\\TransformsRequest.php(21): Illuminate\\Pipeline\\Pipeline->Illuminate\\Pipeline\\{closure}(Object(Illuminate\\Http\\Request))
#45 C:\\Users\\WebCoop_Jhoa\\Documents\\repositorio\\karol\\Trabajo\\vendor\\laravel\\framework\\src\\Illuminate\\Foundation\\Http\\Middleware\\TrimStrings.php(40): Illuminate\\Foundation\\Http\\Middleware\\TransformsRequest->handle(Object(Illuminate\\Http\\Request), Object(Closure))
#46 C:\\Users\\WebCoop_Jhoa\\Documents\\repositorio\\karol\\Trabajo\\vendor\\laravel\\framework\\src\\Illuminate\\Pipeline\\Pipeline.php(167): Illuminate\\Foundation\\Http\\Middleware\\TrimStrings->handle(Object(Illuminate\\Http\\Request), Object(Closure))
#47 C:\\Users\\WebCoop_Jhoa\\Documents\\repositorio\\karol\\Trabajo\\vendor\\laravel\\framework\\src\\Illuminate\\Foundation\\Http\\Middleware\\ValidatePostSize.php(27): Illuminate\\Pipeline\\Pipeline->Illuminate\\Pipeline\\{closure}(Object(Illuminate\\Http\\Request))
#48 C:\\Users\\WebCoop_Jhoa\\Documents\\repositorio\\karol\\Trabajo\\vendor\\laravel\\framework\\src\\Illuminate\\Pipeline\\Pipeline.php(167): Illuminate\\Foundation\\Http\\Middleware\\ValidatePostSize->handle(Object(Illuminate\\Http\\Request), Object(Closure))
#49 C:\\Users\\WebCoop_Jhoa\\Documents\\repositorio\\karol\\Trabajo\\vendor\\laravel\\framework\\src\\Illuminate\\Foundation\\Http\\Middleware\\PreventRequestsDuringMaintenance.php(86): Illuminate\\Pipeline\\Pipeline->Illuminate\\Pipeline\\{closure}(Object(Illuminate\\Http\\Request))
#50 C:\\Users\\WebCoop_Jhoa\\Documents\\repositorio\\karol\\Trabajo\\vendor\\laravel\\framework\\src\\Illuminate\\Pipeline\\Pipeline.php(167): Illuminate\\Foundation\\Http\\Middleware\\PreventRequestsDuringMaintenance->handle(Object(Illuminate\\Http\\Request), Object(Closure))
#51 C:\\Users\\WebCoop_Jhoa\\Documents\\repositorio\\karol\\Trabajo\\vendor\\fruitcake\\laravel-cors\\src\\HandleCors.php(38): Illuminate\\Pipeline\\Pipeline->Illuminate\\Pipeline\\{closure}(Object(Illuminate\\Http\\Request))
#52 C:\\Users\\WebCoop_Jhoa\\Documents\\repositorio\\karol\\Trabajo\\vendor\\laravel\\framework\\src\\Illuminate\\Pipeline\\Pipeline.php(167): Fruitcake\\Cors\\HandleCors->handle(Object(Illuminate\\Http\\Request), Object(Closure))
#53 C:\\Users\\WebCoop_Jhoa\\Documents\\repositorio\\karol\\Trabajo\\vendor\\laravel\\framework\\src\\Illuminate\\Http\\Middleware\\TrustProxies.php(39): Illuminate\\Pipeline\\Pipeline->Illuminate\\Pipeline\\{closure}(Object(Illuminate\\Http\\Request))
#54 C:\\Users\\WebCoop_Jhoa\\Documents\\repositorio\\karol\\Trabajo\\vendor\\laravel\\framework\\src\\Illuminate\\Pipeline\\Pipeline.php(167): Illuminate\\Http\\Middleware\\TrustProxies->handle(Object(Illuminate\\Http\\Request), Object(Closure))
#55 C:\\Users\\WebCoop_Jhoa\\Documents\\repositorio\\karol\\Trabajo\\vendor\\laravel\\framework\\src\\Illuminate\\Pipeline\\Pipeline.php(103): Illuminate\\Pipeline\\Pipeline->Illuminate\\Pipeline\\{closure}(Object(Illuminate\\Http\\Request))
#56 C:\\Users\\WebCoop_Jhoa\\Documents\\repositorio\\karol\\Trabajo\\vendor\\laravel\\framework\\src\\Illuminate\\Foundation\\Http\\Kernel.php(142): Illuminate\\Pipeline\\Pipeline->then(Object(Closure))
#57 C:\\Users\\WebCoop_Jhoa\\Documents\\repositorio\\karol\\Trabajo\\vendor\\laravel\\framework\\src\\Illuminate\\Foundation\\Http\\Kernel.php(111): Illuminate\\Foundation\\Http\\Kernel->sendRequestThroughRouter(Object(Illuminate\\Http\\Request))
#58 C:\\Users\\WebCoop_Jhoa\\Documents\\repositorio\\karol\\Trabajo\\public\\index.php(51): Illuminate\\Foundation\\Http\\Kernel->handle(Object(Illuminate\\Http\\Request))
#59 C:\\Users\\WebCoop_Jhoa\\Documents\\repositorio\\karol\\Trabajo\\server.php(21): require_once('C:\\\\Users\\\\WebCoo...')
#60 {main}

[previous exception] [object] (PDOException(code: 23000): SQLSTATE[23000]: Integrity constraint violation: 1048 Column 'empleado_id' cannot be null at C:\\Users\\WebCoop_Jhoa\\Documents\\repositorio\\karol\\Trabajo\\vendor\\laravel\\framework\\src\\Illuminate\\Database\\Connection.php:526)
[stacktrace]
#0 C:\\Users\\WebCoop_Jhoa\\Documents\\repositorio\\karol\\Trabajo\\vendor\\laravel\\framework\\src\\Illuminate\\Database\\Connection.php(526): PDOStatement->execute()
#1 C:\\Users\\WebCoop_Jhoa\\Documents\\repositorio\\karol\\Trabajo\\vendor\\laravel\\framework\\src\\Illuminate\\Database\\Connection.php(705): Illuminate\\Database\\Connection->Illuminate\\Database\\{closure}('update `activid...', Array)
#2 C:\\Users\\WebCoop_Jhoa\\Documents\\repositorio\\karol\\Trabajo\\vendor\\laravel\\framework\\src\\Illuminate\\Database\\Connection.php(672): Illuminate\\Database\\Connection->runQueryCallback('update `activid...', Array, Object(Closure))
#3 C:\\Users\\WebCoop_Jhoa\\Documents\\repositorio\\karol\\Trabajo\\vendor\\laravel\\framework\\src\\Illuminate\\Database\\Connection.php(514): Illuminate\\Database\\Connection->run('update `activid...', Array, Object(Closure))
#4 C:\\Users\\WebCoop_Jhoa\\Documents\\repositorio\\karol\\Trabajo\\vendor\\laravel\\framework\\src\\Illuminate\\Database\\Connection.php(466): Illuminate\\Database\\Connection->affectingStatement('update `activid...', Array)
#5 C:\\Users\\WebCoop_Jhoa\\Documents\\repositorio\\karol\\Trabajo\\vendor\\laravel\\framework\\src\\Illuminate\\Database\\Query\\Builder.php(3062): Illuminate\\Database\\Connection->update('update `activid...', Array)
#6 C:\\Users\\WebCoop_Jhoa\\Documents\\repositorio\\karol\\Trabajo\\vendor\\laravel\\framework\\src\\Illuminate\\Database\\Eloquent\\Builder.php(921): Illuminate\\Database\\Query\\Builder->update(Array)
#7 C:\\Users\\WebCoop_Jhoa\\Documents\\repositorio\\karol\\Trabajo\\vendor\\laravel\\framework\\src\\Illuminate\\Database\\Eloquent\\Model.php(1072): Illuminate\\Database\\Eloquent\\Builder->update(Array)
#8 C:\\Users\\WebCoop_Jhoa\\Documents\\repositorio\\karol\\Trabajo\\vendor\\laravel\\framework\\src\\Illuminate\\Database\\Eloquent\\Model.php(987): Illuminate\\Database\\Eloquent\\Model->performUpdate(Object(Illuminate\\Database\\Eloquent\\Builder))
#9 C:\\Users\\WebCoop_Jhoa\\Documents\\repositorio\\karol\\Trabajo\\vendor\\laravel\\framework\\src\\Illuminate\\Database\\Eloquent\\Model.php(885): Illuminate\\Database\\Eloquent\\Model->save(Array)
#10 C:\\Users\\WebCoop_Jhoa\\Documents\\repositorio\\karol\\Trabajo\\app\\Http\\Controllers\\ActividadesController.php(265): Illuminate\\Database\\Eloquent\\Model->update(Array)
#11 C:\\Users\\WebCoop_Jhoa\\Documents\\repositorio\\karol\\Trabajo\\vendor\\laravel\\framework\\src\\Illuminate\\Routing\\Controller.php(54): App\\Http\\Controllers\\ActividadesController->update(Object(Illuminate\\Http\\Request), '4125')
#12 C:\\Users\\WebCoop_Jhoa\\Documents\\repositorio\\karol\\Trabajo\\vendor\\laravel\\framework\\src\\Illuminate\\Routing\\ControllerDispatcher.php(45): Illuminate\\Routing\\Controller->callAction('update', Array)
#13 C:\\Users\\WebCoop_Jhoa\\Documents\\repositorio\\karol\\Trabajo\\vendor\\laravel\\framework\\src\\Illuminate\\Routing\\Route.php(261): Illuminate\\Routing\\ControllerDispatcher->dispatch(Object(Illuminate\\Routing\\Route), Object(App\\Http\\Controllers\\ActividadesController), 'update')
#14 C:\\Users\\WebCoop_Jhoa\\Documents\\repositorio\\karol\\Trabajo\\vendor\\laravel\\framework\\src\\Illuminate\\Routing\\Route.php(205): Illuminate\\Routing\\Route->runController()
#15 C:\\Users\\WebCoop_Jhoa\\Documents\\repositorio\\karol\\Trabajo\\vendor\\laravel\\framework\\src\\Illuminate\\Routing\\Router.php(721): Illuminate\\Routing\\Route->run()
#16 C:\\Users\\WebCoop_Jhoa\\Documents\\repositorio\\karol\\Trabajo\\vendor\\laravel\\framework\\src\\Illuminate\\Pipeline\\Pipeline.php(128): Illuminate\\Routing\\Router->Illuminate\\Routing\\{closure}(Object(Illuminate\\Http\\Request))
#17 C:\\Users\\WebCoop_Jhoa\\Documents\\repositorio\\karol\\Trabajo\\app\\Http\\Middleware\\RoleMiddleware.php(28): Illuminate\\Pipeline\\Pipeline->Illuminate\\Pipeline\\{closure}(Object(Illuminate\\Http\\Request))
#18 C:\\Users\\WebCoop_Jhoa\\Documents\\repositorio\\karol\\Trabajo\\vendor\\laravel\\framework\\src\\Illuminate\\Pipeline\\Pipeline.php(167): App\\Http\\Middleware\\RoleMiddleware->handle(Object(Illuminate\\Http\\Request), Object(Closure), 'empleado')
#19 C:\\Users\\WebCoop_Jhoa\\Documents\\repositorio\\karol\\Trabajo\\vendor\\laravel\\framework\\src\\Illuminate\\Routing\\Middleware\\SubstituteBindings.php(50): Illuminate\\Pipeline\\Pipeline->Illuminate\\Pipeline\\{closure}(Object(Illuminate\\Http\\Request))
#20 C:\\Users\\WebCoop_Jhoa\\Documents\\repositorio\\karol\\Trabajo\\vendor\\laravel\\framework\\src\\Illuminate\\Pipeline\\Pipeline.php(167): Illuminate\\Routing\\Middleware\\SubstituteBindings->handle(Object(Illuminate\\Http\\Request), Object(Closure))
#21 C:\\Users\\WebCoop_Jhoa\\Documents\\repositorio\\karol\\Trabajo\\vendor\\laravel\\framework\\src\\Illuminate\\Auth\\Middleware\\Authenticate.php(44): Illuminate\\Pipeline\\Pipeline->Illuminate\\Pipeline\\{closure}(Object(Illuminate\\Http\\Request))
#22 C:\\Users\\WebCoop_Jhoa\\Documents\\repositorio\\karol\\Trabajo\\vendor\\laravel\\framework\\src\\Illuminate\\Pipeline\\Pipeline.php(167): Illuminate\\Auth\\Middleware\\Authenticate->handle(Object(Illuminate\\Http\\Request), Object(Closure))
#23 C:\\Users\\WebCoop_Jhoa\\Documents\\repositorio\\karol\\Trabajo\\vendor\\laravel\\framework\\src\\Illuminate\\Foundation\\Http\\Middleware\\VerifyCsrfToken.php(78): Illuminate\\Pipeline\\Pipeline->Illuminate\\Pipeline\\{closure}(Object(Illuminate\\Http\\Request))
#24 C:\\Users\\WebCoop_Jhoa\\Documents\\repositorio\\karol\\Trabajo\\vendor\\laravel\\framework\\src\\Illuminate\\Pipeline\\Pipeline.php(167): Illuminate\\Foundation\\Http\\Middleware\\VerifyCsrfToken->handle(Object(Illuminate\\Http\\Request), Object(Closure))
#25 C:\\Users\\WebCoop_Jhoa\\Documents\\repositorio\\karol\\Trabajo\\vendor\\laravel\\framework\\src\\Illuminate\\View\\Middleware\\ShareErrorsFromSession.php(49): Illuminate\\Pipeline\\Pipeline->Illuminate\\Pipeline\\{closure}(Object(Illuminate\\Http\\Request))
#26 C:\\Users\\WebCoop_Jhoa\\Documents\\repositorio\\karol\\Trabajo\\vendor\\laravel\\framework\\src\\Illuminate\\Pipeline\\Pipeline.php(167): Illuminate\\View\\Middleware\\ShareErrorsFromSession->handle(Object(Illuminate\\Http\\Request), Object(Closure))
#27 C:\\Users\\WebCoop_Jhoa\\Documents\\repositorio\\karol\\Trabajo\\vendor\\laravel\\framework\\src\\Illuminate\\Session\\Middleware\\StartSession.php(121): Illuminate\\Pipeline\\Pipeline->Illuminate\\Pipeline\\{closure}(Object(Illuminate\\Http\\Request))
#28 C:\\Users\\WebCoop_Jhoa\\Documents\\repositorio\\karol\\Trabajo\\vendor\\laravel\\framework\\src\\Illuminate\\Session\\Middleware\\StartSession.php(64): Illuminate\\Session\\Middleware\\StartSession->handleStatefulRequest(Object(Illuminate\\Http\\Request), Object(Illuminate\\Session\\Store), Object(Closure))
#29 C:\\Users\\WebCoop_Jhoa\\Documents\\repositorio\\karol\\Trabajo\\vendor\\laravel\\framework\\src\\Illuminate\\Pipeline\\Pipeline.php(167): Illuminate\\Session\\Middleware\\StartSession->handle(Object(Illuminate\\Http\\Request), Object(Closure))
#30 C:\\Users\\WebCoop_Jhoa\\Documents\\repositorio\\karol\\Trabajo\\vendor\\laravel\\framework\\src\\Illuminate\\Cookie\\Middleware\\AddQueuedCookiesToResponse.php(37): Illuminate\\Pipeline\\Pipeline->Illuminate\\Pipeline\\{closure}(Object(Illuminate\\Http\\Request))
#31 C:\\Users\\WebCoop_Jhoa\\Documents\\repositorio\\karol\\Trabajo\\vendor\\laravel\\framework\\src\\Illuminate\\Pipeline\\Pipeline.php(167): Illuminate\\Cookie\\Middleware\\AddQueuedCookiesToResponse->handle(Object(Illuminate\\Http\\Request), Object(Closure))
#32 C:\\Users\\WebCoop_Jhoa\\Documents\\repositorio\\karol\\Trabajo\\vendor\\laravel\\framework\\src\\Illuminate\\Cookie\\Middleware\\EncryptCookies.php(67): Illuminate\\Pipeline\\Pipeline->Illuminate\\Pipeline\\{closure}(Object(Illuminate\\Http\\Request))
#33 C:\\Users\\WebCoop_Jhoa\\Documents\\repositorio\\karol\\Trabajo\\vendor\\laravel\\framework\\src\\Illuminate\\Pipeline\\Pipeline.php(167): Illuminate\\Cookie\\Middleware\\EncryptCookies->handle(Object(Illuminate\\Http\\Request), Object(Closure))
#34 C:\\Users\\WebCoop_Jhoa\\Documents\\repositorio\\karol\\Trabajo\\vendor\\laravel\\framework\\src\\Illuminate\\Pipeline\\Pipeline.php(103): Illuminate\\Pipeline\\Pipeline->Illuminate\\Pipeline\\{closure}(Object(Illuminate\\Http\\Request))
#35 C:\\Users\\WebCoop_Jhoa\\Documents\\repositorio\\karol\\Trabajo\\vendor\\laravel\\framework\\src\\Illuminate\\Routing\\Router.php(719): Illuminate\\Pipeline\\Pipeline->then(Object(Closure))
#36 C:\\Users\\WebCoop_Jhoa\\Documents\\repositorio\\karol\\Trabajo\\vendor\\laravel\\framework\\src\\Illuminate\\Routing\\Router.php(698): Illuminate\\Routing\\Router->runRouteWithinStack(Object(Illuminate\\Routing\\Route), Object(Illuminate\\Http\\Request))
#37 C:\\Users\\WebCoop_Jhoa\\Documents\\repositorio\\karol\\Trabajo\\vendor\\laravel\\framework\\src\\Illuminate\\Routing\\Router.php(662): Illuminate\\Routing\\Router->runRoute(Object(Illuminate\\Http\\Request), Object(Illuminate\\Routing\\Route))
#38 C:\\Users\\WebCoop_Jhoa\\Documents\\repositorio\\karol\\Trabajo\\vendor\\laravel\\framework\\src\\Illuminate\\Routing\\Router.php(651): Illuminate\\Routing\\Router->dispatchToRoute(Object(Illuminate\\Http\\Request))
#39 C:\\Users\\WebCoop_Jhoa\\Documents\\repositorio\\karol\\Trabajo\\vendor\\laravel\\framework\\src\\Illuminate\\Foundation\\Http\\Kernel.php(167): Illuminate\\Routing\\Router->dispatch(Object(Illuminate\\Http\\Request))
#40 C:\\Users\\WebCoop_Jhoa\\Documents\\repositorio\\karol\\Trabajo\\vendor\\laravel\\framework\\src\\Illuminate\\Pipeline\\Pipeline.php(128): Illuminate\\Foundation\\Http\\Kernel->Illuminate\\Foundation\\Http\\{closure}(Object(Illuminate\\Http\\Request))
#41 C:\\Users\\WebCoop_Jhoa\\Documents\\repositorio\\karol\\Trabajo\\vendor\\livewire\\livewire\\src\\DisableBrowserCache.php(19): Illuminate\\Pipeline\\Pipeline->Illuminate\\Pipeline\\{closure}(Object(Illuminate\\Http\\Request))
#42 C:\\Users\\WebCoop_Jhoa\\Documents\\repositorio\\karol\\Trabajo\\vendor\\laravel\\framework\\src\\Illuminate\\Pipeline\\Pipeline.php(167): Livewire\\DisableBrowserCache->handle(Object(Illuminate\\Http\\Request), Object(Closure))
#43 C:\\Users\\WebCoop_Jhoa\\Documents\\repositorio\\karol\\Trabajo\\vendor\\laravel\\framework\\src\\Illuminate\\Foundation\\Http\\Middleware\\TransformsRequest.php(21): Illuminate\\Pipeline\\Pipeline->Illuminate\\Pipeline\\{closure}(Object(Illuminate\\Http\\Request))
#44 C:\\Users\\WebCoop_Jhoa\\Documents\\repositorio\\karol\\Trabajo\\vendor\\laravel\\framework\\src\\Illuminate\\Foundation\\Http\\Middleware\\ConvertEmptyStringsToNull.php(31): Illuminate\\Foundation\\Http\\Middleware\\TransformsRequest->handle(Object(Illuminate\\Http\\Request), Object(Closure))
#45 C:\\Users\\WebCoop_Jhoa\\Documents\\repositorio\\karol\\Trabajo\\vendor\\laravel\\framework\\src\\Illuminate\\Pipeline\\Pipeline.php(167): Illuminate\\Foundation\\Http\\Middleware\\ConvertEmptyStringsToNull->handle(Object(Illuminate\\Http\\Request), Object(Closure))
#46 C:\\Users\\WebCoop_Jhoa\\Documents\\repositorio\\karol\\Trabajo\\vendor\\laravel\\framework\\src\\Illuminate\\Foundation\\Http\\Middleware\\TransformsRequest.php(21): Illuminate\\Pipeline\\Pipeline->Illuminate\\Pipeline\\{closure}(Object(Illuminate\\Http\\Request))
#47 C:\\Users\\WebCoop_Jhoa\\Documents\\repositorio\\karol\\Trabajo\\vendor\\laravel\\framework\\src\\Illuminate\\Foundation\\Http\\Middleware\\TrimStrings.php(40): Illuminate\\Foundation\\Http\\Middleware\\TransformsRequest->handle(Object(Illuminate\\Http\\Request), Object(Closure))
#48 C:\\Users\\WebCoop_Jhoa\\Documents\\repositorio\\karol\\Trabajo\\vendor\\laravel\\framework\\src\\Illuminate\\Pipeline\\Pipeline.php(167): Illuminate\\Foundation\\Http\\Middleware\\TrimStrings->handle(Object(Illuminate\\Http\\Request), Object(Closure))
#49 C:\\Users\\WebCoop_Jhoa\\Documents\\repositorio\\karol\\Trabajo\\vendor\\laravel\\framework\\src\\Illuminate\\Foundation\\Http\\Middleware\\ValidatePostSize.php(27): Illuminate\\Pipeline\\Pipeline->Illuminate\\Pipeline\\{closure}(Object(Illuminate\\Http\\Request))
#50 C:\\Users\\WebCoop_Jhoa\\Documents\\repositorio\\karol\\Trabajo\\vendor\\laravel\\framework\\src\\Illuminate\\Pipeline\\Pipeline.php(167): Illuminate\\Foundation\\Http\\Middleware\\ValidatePostSize->handle(Object(Illuminate\\Http\\Request), Object(Closure))
#51 C:\\Users\\WebCoop_Jhoa\\Documents\\repositorio\\karol\\Trabajo\\vendor\\laravel\\framework\\src\\Illuminate\\Foundation\\Http\\Middleware\\PreventRequestsDuringMaintenance.php(86): Illuminate\\Pipeline\\Pipeline->Illuminate\\Pipeline\\{closure}(Object(Illuminate\\Http\\Request))
#52 C:\\Users\\WebCoop_Jhoa\\Documents\\repositorio\\karol\\Trabajo\\vendor\\laravel\\framework\\src\\Illuminate\\Pipeline\\Pipeline.php(167): Illuminate\\Foundation\\Http\\Middleware\\PreventRequestsDuringMaintenance->handle(Object(Illuminate\\Http\\Request), Object(Closure))
#53 C:\\Users\\WebCoop_Jhoa\\Documents\\repositorio\\karol\\Trabajo\\vendor\\fruitcake\\laravel-cors\\src\\HandleCors.php(38): Illuminate\\Pipeline\\Pipeline->Illuminate\\Pipeline\\{closure}(Object(Illuminate\\Http\\Request))
#54 C:\\Users\\WebCoop_Jhoa\\Documents\\repositorio\\karol\\Trabajo\\vendor\\laravel\\framework\\src\\Illuminate\\Pipeline\\Pipeline.php(167): Fruitcake\\Cors\\HandleCors->handle(Object(Illuminate\\Http\\Request), Object(Closure))
#55 C:\\Users\\WebCoop_Jhoa\\Documents\\repositorio\\karol\\Trabajo\\vendor\\laravel\\framework\\src\\Illuminate\\Http\\Middleware\\TrustProxies.php(39): Illuminate\\Pipeline\\Pipeline->Illuminate\\Pipeline\\{closure}(Object(Illuminate\\Http\\Request))
#56 C:\\Users\\WebCoop_Jhoa\\Documents\\repositorio\\karol\\Trabajo\\vendor\\laravel\\framework\\src\\Illuminate\\Pipeline\\Pipeline.php(167): Illuminate\\Http\\Middleware\\TrustProxies->handle(Object(Illuminate\\Http\\Request), Object(Closure))
#57 C:\\Users\\WebCoop_Jhoa\\Documents\\repositorio\\karol\\Trabajo\\vendor\\laravel\\framework\\src\\Illuminate\\Pipeline\\Pipeline.php(103): Illuminate\\Pipeline\\Pipeline->Illuminate\\Pipeline\\{closure}(Object(Illuminate\\Http\\Request))
#58 C:\\Users\\WebCoop_Jhoa\\Documents\\repositorio\\karol\\Trabajo\\vendor\\laravel\\framework\\src\\Illuminate\\Foundation\\Http\\Kernel.php(142): Illuminate\\Pipeline\\Pipeline->then(Object(Closure))
#59 C:\\Users\\WebCoop_Jhoa\\Documents\\repositorio\\karol\\Trabajo\\vendor\\laravel\\framework\\src\\Illuminate\\Foundation\\Http\\Kernel.php(111): Illuminate\\Foundation\\Http\\Kernel->sendRequestThroughRouter(Object(Illuminate\\Http\\Request))
#60 C:\\Users\\WebCoop_Jhoa\\Documents\\repositorio\\karol\\Trabajo\\public\\index.php(51): Illuminate\\Foundation\\Http\\Kernel->handle(Object(Illuminate\\Http\\Request))
#61 C:\\Users\\WebCoop_Jhoa\\Documents\\repositorio\\karol\\Trabajo\\server.php(21): require_once('C:\\\\Users\\\\WebCoo...')
#62 {main}
"} 
